{"ts":"2026-03-31 10:22:46,875","level":"INFO","msg":"Redis connected"}
{"ts":"2026-03-31 10:22:46,875","level":"INFO","msg":"USASpending.gov contract poller starting"}
{"ts":"2026-03-31 10:22:48,237","level":"INFO","msg":"HTTP Request: POST https://api.usaspending.gov/api/v2/search/spending_by_award/ "HTTP/1.1 200 OK""}
{"ts":"2026-03-31 10:22:48,255","level":"INFO","msg":"CONTRACT LMT    $15,507,785,581 <- LOCKHEED MARTIN CORP"}
{"ts":"2026-03-31 10:22:48,256","level":"INFO","msg":"CONTRACT BA     $10,410,528,680 <- THE BOEING COMPANY"}
{"ts":"2026-03-31 10:22:48,257","level":"INFO","msg":"CONTRACT NOC    $4,420,784,857 <- NORTHROP GRUMMAN SYSTEMS CORPORATION"}
{"ts":"2026-03-31 10:22:48,259","level":"INFO","msg":"CONTRACT BA     $2,297,843,189 <- THE BOEING COMPANY"}
{"ts":"2026-03-31 10:22:48,260","level":"INFO","msg":"CONTRACT GD     $1,506,866,336 <- GENERAL DYNAMICS INFORMATION TECHNOLOGY,"}
{"ts":"2026-03-31 10:22:48,260","level":"INFO","msg":"CONTRACT ACN    $851,451,883 <- ACCENTURE FEDERAL SERVICES LLC"}
{"ts":"2026-03-31 10:22:48,261","level":"INFO","msg":"CONTRACT LDOS   $656,901,181 <- LEIDOS, INC."}
{"ts":"2026-03-31 10:22:48,261","level":"INFO","msg":"CONTRACT BAESY  $475,985,183 <- BAE SYSTEMS SPACE & MISSION SYSTEMS INC."}
{"ts":"2026-03-31 10:22:48,261","level":"INFO","msg":"CONTRACT GD     $453,453,628 <- GENERAL DYNAMICS INFORMATION TECHNOLOGY,"}
{"ts":"2026-03-31 10:22:48,261","level":"INFO","msg":"CONTRACT SAIC   $401,969,634 <- SCIENCE APPLICATIONS INTERNATIONAL CORPO"}
{"ts":"2026-03-31 10:22:48,262","level":"INFO","msg":"CONTRACT GD     $383,329,977 <- GENERAL DYNAMICS MISSION SYSTEMS, INC."}
{"ts":"2026-03-31 10:22:48,262","level":"INFO","msg":"published 11 new contract awards"}
{"ts":"2026-03-31 10:23:49,022","level":"INFO","msg":"HTTP Request: POST https://api.usaspending.gov/api/v2/search/spending_by_award/ "HTTP/1.1 200 OK""}
{"ts":"2026-03-31 10:23:49,024","level":"INFO","msg":"poll complete — 50 awards fetched, 0 new actionable"}
{"ts":"2026-03-31 10:24:49,826","level":"INFO","msg":"HTTP Request: POST https://api.usaspending.gov/api/v2/search/spending_by_award/ "HTTP/1.1 200 OK""}
{"ts":"2026-03-31 10:24:49,844","level":"INFO","msg":"poll complete — 50 awards fetched, 0 new actionable"}
{"ts":"2026-03-31 10:25:50,603","level":"INFO","msg":"HTTP Request: POST https://api.usaspending.gov/api/v2/search/spending_by_award/ "HTTP/1.1 200 OK""}
{"ts":"2026-03-31 10:25:50,622","level":"INFO","msg":"poll complete — 50 awards fetched, 0 new actionable"}
{"ts":"2026-03-31 10:26:51,429","level":"INFO","msg":"HTTP Request: POST https://api.usaspending.gov/api/v2/search/spending_by_award/ "HTTP/1.1 200 OK""}
{"ts":"2026-03-31 10:26:51,449","level":"INFO","msg":"poll complete — 50 awards fetched, 0 new actionable"}
{"ts":"2026-03-31 10:27:52,268","level":"INFO","msg":"HTTP Request: POST https://api.usaspending.gov/api/v2/search/spending_by_award/ "HTTP/1.1 200 OK""}
{"ts":"2026-03-31 10:27:52,270","level":"INFO","msg":"poll complete — 50 awards fetched, 0 new actionable"}
{"ts":"2026-03-31 10:28:53,107","level":"INFO","msg":"HTTP Request: POST https://api.usaspending.gov/api/v2/search/spending_by_award/ "HTTP/1.1 200 OK""}
{"ts":"2026-03-31 10:28:53,126","level":"INFO","msg":"poll complete — 50 awards fetched, 0 new actionable"}
{"ts":"2026-03-31 10:29:53,905","level":"INFO","msg":"HTTP Request: POST https://api.usaspending.gov/api/v2/search/spending_by_award/ "HTTP/1.1 200 OK""}
{"ts":"2026-03-31 10:29:53,924","level":"INFO","msg":"poll complete — 50 awards fetched, 0 new actionable"}
{"ts":"2026-03-31 10:30:54,964","level":"INFO","msg":"HTTP Request: POST https://api.usaspending.gov/api/v2/search/spending_by_award/ "HTTP/1.1 200 OK""}
{"ts":"2026-03-31 10:30:54,965","level":"INFO","msg":"poll complete — 50 awards fetched, 0 new actionable"}
{"ts":"2026-03-31 10:31:55,915","level":"INFO","msg":"HTTP Request: POST https://api.usaspending.gov/api/v2/search/spending_by_award/ "HTTP/1.1 200 OK""}
{"ts":"2026-03-31 10:31:55,937","level":"INFO","msg":"poll complete — 50 awards fetched, 0 new actionable"}
{"ts":"2026-03-31 10:32:56,752","level":"INFO","msg":"HTTP Request: POST https://api.usaspending.gov/api/v2/search/spending_by_award/ "HTTP/1.1 200 OK""}
{"ts":"2026-03-31 10:32:56,756","level":"INFO","msg":"poll complete — 50 awards fetched, 0 new actionable"}
{"ts":"2026-03-31 10:33:57,547","level":"INFO","msg":"HTTP Request: POST https://api.usaspending.gov/api/v2/search/spending_by_award/ "HTTP/1.1 200 OK""}
{"ts":"2026-03-31 10:33:57,564","level":"INFO","msg":"poll complete — 50 awards fetched, 0 new actionable"}
{"ts":"2026-03-31 10:34:58,314","level":"INFO","msg":"HTTP Request: POST https://api.usaspending.gov/api/v2/search/spending_by_award/ "HTTP/1.1 200 OK""}
{"ts":"2026-03-31 10:34:58,329","level":"INFO","msg":"poll complete — 50 awards fetched, 0 new actionable"}
{"ts":"2026-03-31 10:35:59,179","level":"INFO","msg":"HTTP Request: POST https://api.usaspending.gov/api/v2/search/spending_by_award/ "HTTP/1.1 200 OK""}
{"ts":"2026-03-31 10:35:59,182","level":"INFO","msg":"poll complete — 50 awards fetched, 0 new actionable"}
{"ts":"2026-03-31 10:36:59,956","level":"INFO","msg":"HTTP Request: POST https://api.usaspending.gov/api/v2/search/spending_by_award/ "HTTP/1.1 200 OK""}
{"ts":"2026-03-31 10:36:59,975","level":"INFO","msg":"poll complete — 50 awards fetched, 0 new actionable"}
{"ts":"2026-03-31 10:38:00,703","level":"INFO","msg":"HTTP Request: POST https://api.usaspending.gov/api/v2/search/spending_by_award/ "HTTP/1.1 200 OK""}
{"ts":"2026-03-31 10:38:00,717","level":"INFO","msg":"poll complete — 50 awards fetched, 0 new actionable"}
{"ts":"2026-03-31 10:39:01,513","level":"INFO","msg":"HTTP Request: POST https://api.usaspending.gov/api/v2/search/spending_by_award/ "HTTP/1.1 200 OK""}
{"ts":"2026-03-31 10:39:01,515","level":"INFO","msg":"poll complete — 50 awards fetched, 0 new actionable"}
{"ts":"2026-03-31 10:40:02,466","level":"INFO","msg":"HTTP Request: POST https://api.usaspending.gov/api/v2/search/spending_by_award/ "HTTP/1.1 200 OK""}
{"ts":"2026-03-31 10:40:02,484","level":"INFO","msg":"poll complete — 50 awards fetched, 0 new actionable"}
{"ts":"2026-03-31 10:41:03,249","level":"INFO","msg":"HTTP Request: POST https://api.usaspending.gov/api/v2/search/spending_by_award/ "HTTP/1.1 200 OK""}
{"ts":"2026-03-31 10:41:03,251","level":"INFO","msg":"poll complete — 50 awards fetched, 0 new actionable"}
{"ts":"2026-03-31 10:42:03,969","level":"INFO","msg":"HTTP Request: POST https://api.usaspending.gov/api/v2/search/spending_by_award/ "HTTP/1.1 200 OK""}
{"ts":"2026-03-31 10:42:03,988","level":"INFO","msg":"poll complete — 50 awards fetched, 0 new actionable"}
