{"timestamp":"2026-03-31T01:22:18.787701Z","level":"INFO","fields":{"message":"SOVEREIGN CORE starting — connecting to Redis at redis://127.0.0.1:6380"},"target":"sovereign_core"}
{"timestamp":"2026-03-31T01:22:18.791408Z","level":"INFO","fields":{"message":"pipeline stages spawning…"},"target":"sovereign_core"}
{"timestamp":"2026-03-31T01:22:18.791723Z","level":"INFO","fields":{"message":"Finnhub quote poller starting — polling every 15s"},"target":"sovereign_core::finnhub"}
{"timestamp":"2026-03-31T01:22:18.791779Z","level":"INFO","fields":{"message":"Company news poller starting — cycling all 19 watchlist tickers every 5min"},"target":"sovereign_core::finnhub"}
{"timestamp":"2026-03-31T01:22:18.791723Z","level":"INFO","fields":{"message":"Finnhub general news poller starting — polling every 30s"},"target":"sovereign_core::finnhub"}
{"timestamp":"2026-03-31T01:22:18.792119Z","level":"INFO","fields":{"message":"WebSocket server listening on ws://0.0.0.0:9001/ws"},"target":"sovereign_core::ws_server"}
{"timestamp":"2026-03-31T01:22:18.792445Z","level":"INFO","fields":{"message":"Python event relay started — watching sovereign:events"},"target":"sovereign_core::redis_bus"}
{"timestamp":"2026-03-31T01:22:19.317698Z","level":"INFO","fields":{"message":"company news: 3 new articles for LMT"},"target":"sovereign_core::finnhub"}
{"timestamp":"2026-03-31T01:22:19.377002Z","level":"INFO","fields":{"message":"general news: 20 new articles"},"target":"sovereign_core::finnhub"}
{"timestamp":"2026-03-31T01:22:21.624133Z","level":"INFO","fields":{"message":"company news: 2 new articles for RTX"},"target":"sovereign_core::finnhub"}
{"timestamp":"2026-03-31T01:22:23.802170Z","level":"INFO","fields":{"message":"latency snapshot","p50":577195,"p95":583263,"p99":583695,"max":583695,"samples":29},"target":"sovereign_core"}
{"timestamp":"2026-03-31T01:22:23.974190Z","level":"INFO","fields":{"message":"company news: 3 new articles for NOC"},"target":"sovereign_core::finnhub"}
{"timestamp":"2026-03-31T01:22:26.379316Z","level":"INFO","fields":{"message":"company news: 3 new articles for GD"},"target":"sovereign_core::finnhub"}
{"timestamp":"2026-03-31T01:22:28.725959Z","level":"INFO","fields":{"message":"company news: 3 new articles for BA"},"target":"sovereign_core::finnhub"}
{"timestamp":"2026-03-31T01:22:28.801408Z","level":"INFO","fields":{"message":"latency snapshot","p50":341989,"p95":402560,"p99":402560,"max":402560,"samples":13},"target":"sovereign_core"}
{"timestamp":"2026-03-31T01:22:31.044172Z","level":"INFO","fields":{"message":"company news: 3 new articles for HII"},"target":"sovereign_core::finnhub"}
{"timestamp":"2026-03-31T01:22:33.380655Z","level":"INFO","fields":{"message":"company news: 3 new articles for LHX"},"target":"sovereign_core::finnhub"}
{"timestamp":"2026-03-31T01:22:33.804597Z","level":"INFO","fields":{"message":"latency snapshot","p50":326080,"p95":478597,"p99":478597,"max":478597,"samples":11},"target":"sovereign_core"}
{"timestamp":"2026-03-31T01:22:35.715761Z","level":"INFO","fields":{"message":"company news: 3 new articles for LDOS"},"target":"sovereign_core::finnhub"}
{"timestamp":"2026-03-31T01:22:38.800566Z","level":"INFO","fields":{"message":"latency snapshot","p50":332814,"p95":432405,"p99":432405,"max":432405,"samples":7},"target":"sovereign_core"}
{"timestamp":"2026-03-31T01:22:40.345756Z","level":"INFO","fields":{"message":"company news: 1 new articles for BAH"},"target":"sovereign_core::finnhub"}
{"timestamp":"2026-03-31T01:22:42.650491Z","level":"INFO","fields":{"message":"company news: 3 new articles for PLTR"},"target":"sovereign_core::finnhub"}
{"timestamp":"2026-03-31T01:22:43.270178Z","level":"INFO","fields":{"message":"relay: forwarded event #1 id=1774920163269-0 kind=Discriminant(2)"},"target":"sovereign_core::redis_bus"}
{"timestamp":"2026-03-31T01:22:43.459486Z","level":"INFO","fields":{"message":"relay: forwarded event #2 id=1774920163459-0 kind=Discriminant(2)"},"target":"sovereign_core::redis_bus"}
{"timestamp":"2026-03-31T01:22:43.805822Z","level":"INFO","fields":{"message":"latency snapshot","p50":304847,"p95":907571,"p99":907571,"max":907571,"samples":10},"target":"sovereign_core"}
{"timestamp":"2026-03-31T01:22:43.850964Z","level":"INFO","fields":{"message":"relay: forwarded event #3 id=1774920163850-0 kind=Discriminant(2)"},"target":"sovereign_core::redis_bus"}
{"timestamp":"2026-03-31T01:22:44.069644Z","level":"INFO","fields":{"message":"relay: forwarded event #4 id=1774920164068-0 kind=Discriminant(2)"},"target":"sovereign_core::redis_bus"}
{"timestamp":"2026-03-31T01:22:44.966083Z","level":"INFO","fields":{"message":"company news: 3 new articles for KTOS"},"target":"sovereign_core::finnhub"}
{"timestamp":"2026-03-31T01:22:47.135872Z","level":"INFO","fields":{"message":"relay: forwarded event #5 id=1774920167135-0 kind=Discriminant(2)"},"target":"sovereign_core::redis_bus"}
{"timestamp":"2026-03-31T01:22:47.252719Z","level":"INFO","fields":{"message":"company news: 3 new articles for AVAV"},"target":"sovereign_core::finnhub"}
{"timestamp":"2026-03-31T01:22:48.801662Z","level":"INFO","fields":{"message":"latency snapshot","p50":304579,"p95":608704,"p99":608704,"max":608704,"samples":15},"target":"sovereign_core"}
{"timestamp":"2026-03-31T01:22:53.807987Z","level":"INFO","fields":{"message":"latency snapshot","p50":340537,"p95":804156,"p99":804156,"max":804156,"samples":15},"target":"sovereign_core"}
{"timestamp":"2026-03-31T01:22:54.423069Z","level":"INFO","fields":{"message":"company news: 3 new articles for MSFT"},"target":"sovereign_core::finnhub"}
{"timestamp":"2026-03-31T01:22:56.793682Z","level":"INFO","fields":{"message":"company news: 3 new articles for AMZN"},"target":"sovereign_core::finnhub"}
{"timestamp":"2026-03-31T01:22:58.796077Z","level":"INFO","fields":{"message":"latency snapshot","p50":356713,"p95":821256,"p99":919973,"max":919973,"samples":21},"target":"sovereign_core"}
{"timestamp":"2026-03-31T01:22:59.136660Z","level":"INFO","fields":{"message":"company news: 3 new articles for GOOGL"},"target":"sovereign_core::finnhub"}
{"timestamp":"2026-03-31T01:23:01.455831Z","level":"INFO","fields":{"message":"company news: 3 new articles for ORCL"},"target":"sovereign_core::finnhub"}
{"timestamp":"2026-03-31T01:23:03.553558Z","level":"INFO","fields":{"message":"relay: forwarded event #50 id=1774920183553-0 kind=Discriminant(2)"},"target":"sovereign_core::redis_bus"}
{"timestamp":"2026-03-31T01:23:03.804563Z","level":"INFO","fields":{"message":"latency snapshot","p50":382316,"p95":512334,"p99":715722,"max":715722,"samples":23},"target":"sovereign_core"}
{"timestamp":"2026-03-31T01:23:08.806595Z","level":"INFO","fields":{"message":"latency snapshot","p50":358230,"p95":818367,"p99":818367,"max":818367,"samples":19},"target":"sovereign_core"}
{"timestamp":"2026-03-31T01:23:13.792480Z","level":"INFO","fields":{"message":"latency snapshot","p50":385680,"p95":820593,"p99":820593,"max":820593,"samples":15},"target":"sovereign_core"}
{"timestamp":"2026-03-31T01:23:18.806527Z","level":"INFO","fields":{"message":"latency snapshot","p50":357474,"p95":423919,"p99":612725,"max":612725,"samples":21},"target":"sovereign_core"}
{"timestamp":"2026-03-31T01:23:22.249742Z","level":"INFO","fields":{"message":"relay: forwarded event #100 id=1774920202249-0 kind=Discriminant(2)"},"target":"sovereign_core::redis_bus"}
{"timestamp":"2026-03-31T01:23:23.798057Z","level":"INFO","fields":{"message":"latency snapshot","p50":357569,"p95":474814,"p99":474814,"max":474814,"samples":17},"target":"sovereign_core"}
{"timestamp":"2026-03-31T01:23:28.805594Z","level":"INFO","fields":{"message":"latency snapshot","p50":378261,"p95":595709,"p99":595709,"max":595709,"samples":16},"target":"sovereign_core"}
{"timestamp":"2026-03-31T01:23:33.793797Z","level":"INFO","fields":{"message":"latency snapshot","p50":337900,"p95":452618,"p99":452618,"max":452618,"samples":18},"target":"sovereign_core"}
{"timestamp":"2026-03-31T01:23:38.803231Z","level":"INFO","fields":{"message":"latency snapshot","p50":360879,"p95":587439,"p99":587439,"max":587439,"samples":15},"target":"sovereign_core"}
{"timestamp":"2026-03-31T01:23:39.084131Z","level":"INFO","fields":{"message":"relay: forwarded event #150 id=1774920219083-0 kind=Discriminant(2)"},"target":"sovereign_core::redis_bus"}
{"timestamp":"2026-03-31T01:23:43.794364Z","level":"INFO","fields":{"message":"latency snapshot","p50":390576,"p95":721565,"p99":721565,"max":721565,"samples":15},"target":"sovereign_core"}
{"timestamp":"2026-03-31T01:23:48.807337Z","level":"INFO","fields":{"message":"latency snapshot","p50":362522,"p95":662701,"p99":662701,"max":662701,"samples":20},"target":"sovereign_core"}
{"timestamp":"2026-03-31T01:23:53.800818Z","level":"INFO","fields":{"message":"latency snapshot","p50":357906,"p95":938188,"p99":938188,"max":938188,"samples":18},"target":"sovereign_core"}
{"timestamp":"2026-03-31T01:23:58.800829Z","level":"INFO","fields":{"message":"latency snapshot","p50":336194,"p95":426354,"p99":426354,"max":426354,"samples":5},"target":"sovereign_core"}
{"timestamp":"2026-03-31T01:24:03.801015Z","level":"INFO","fields":{"message":"latency snapshot","p50":300208,"p95":304195,"p99":304195,"max":304195,"samples":3},"target":"sovereign_core"}
{"timestamp":"2026-03-31T01:24:08.801493Z","level":"INFO","fields":{"message":"latency snapshot","p50":414805,"p95":514158,"p99":514158,"max":514158,"samples":4},"target":"sovereign_core"}
{"timestamp":"2026-03-31T01:24:13.805558Z","level":"INFO","fields":{"message":"latency snapshot","p50":0,"p95":0,"p99":0,"max":0,"samples":1},"target":"sovereign_core"}
{"timestamp":"2026-03-31T01:24:18.797943Z","level":"INFO","fields":{"message":"latency snapshot","p50":0,"p95":0,"p99":0,"max":0,"samples":1},"target":"sovereign_core"}
{"timestamp":"2026-03-31T01:24:23.793002Z","level":"INFO","fields":{"message":"latency snapshot","p50":423473,"p95":423473,"p99":423473,"max":423473,"samples":2},"target":"sovereign_core"}
{"timestamp":"2026-03-31T01:24:28.794020Z","level":"INFO","fields":{"message":"latency snapshot","p50":301744,"p95":373023,"p99":373023,"max":373023,"samples":4},"target":"sovereign_core"}
{"timestamp":"2026-03-31T01:24:33.801188Z","level":"INFO","fields":{"message":"latency snapshot","p50":310345,"p95":388537,"p99":388537,"max":388537,"samples":5},"target":"sovereign_core"}
{"timestamp":"2026-03-31T01:24:38.798243Z","level":"INFO","fields":{"message":"latency snapshot","p50":313455,"p95":352097,"p99":352097,"max":352097,"samples":5},"target":"sovereign_core"}
{"timestamp":"2026-03-31T01:24:43.798213Z","level":"INFO","fields":{"message":"latency snapshot","p50":327162,"p95":368465,"p99":368465,"max":368465,"samples":3},"target":"sovereign_core"}
{"timestamp":"2026-03-31T01:24:48.791056Z","level":"INFO","fields":{"message":"latency snapshot","p50":301952,"p95":458684,"p99":458684,"max":458684,"samples":5},"target":"sovereign_core"}
{"timestamp":"2026-03-31T01:24:53.791015Z","level":"INFO","fields":{"message":"latency snapshot","p50":0,"p95":0,"p99":0,"max":0,"samples":1},"target":"sovereign_core"}
{"timestamp":"2026-03-31T01:24:58.790302Z","level":"INFO","fields":{"message":"latency snapshot","p50":0,"p95":0,"p99":0,"max":0,"samples":1},"target":"sovereign_core"}
{"timestamp":"2026-03-31T01:25:03.804593Z","level":"INFO","fields":{"message":"latency snapshot","p50":0,"p95":0,"p99":0,"max":0,"samples":1},"target":"sovereign_core"}
{"timestamp":"2026-03-31T01:25:08.803163Z","level":"INFO","fields":{"message":"latency snapshot","p50":316182,"p95":470887,"p99":470887,"max":470887,"samples":5},"target":"sovereign_core"}
{"timestamp":"2026-03-31T01:25:13.800655Z","level":"INFO","fields":{"message":"latency snapshot","p50":423971,"p95":430439,"p99":430439,"max":430439,"samples":4},"target":"sovereign_core"}
{"timestamp":"2026-03-31T01:25:18.805111Z","level":"INFO","fields":{"message":"latency snapshot","p50":312947,"p95":352423,"p99":352423,"max":352423,"samples":5},"target":"sovereign_core"}
{"timestamp":"2026-03-31T01:25:23.801004Z","level":"INFO","fields":{"message":"latency snapshot","p50":319005,"p95":356873,"p99":356873,"max":356873,"samples":4},"target":"sovereign_core"}
{"timestamp":"2026-03-31T01:25:28.803697Z","level":"INFO","fields":{"message":"latency snapshot","p50":439598,"p95":490954,"p99":490954,"max":490954,"samples":4},"target":"sovereign_core"}
{"timestamp":"2026-03-31T01:25:33.790176Z","level":"INFO","fields":{"message":"latency snapshot","p50":398224,"p95":398224,"p99":398224,"max":398224,"samples":2},"target":"sovereign_core"}
{"timestamp":"2026-03-31T01:25:38.794395Z","level":"INFO","fields":{"message":"latency snapshot","p50":0,"p95":0,"p99":0,"max":0,"samples":1},"target":"sovereign_core"}
{"timestamp":"2026-03-31T01:25:43.798204Z","level":"INFO","fields":{"message":"latency snapshot","p50":0,"p95":0,"p99":0,"max":0,"samples":1},"target":"sovereign_core"}
{"timestamp":"2026-03-31T01:25:48.794801Z","level":"INFO","fields":{"message":"latency snapshot","p50":373964,"p95":429943,"p99":429943,"max":429943,"samples":4},"target":"sovereign_core"}
{"timestamp":"2026-03-31T01:25:53.791670Z","level":"INFO","fields":{"message":"latency snapshot","p50":310633,"p95":323352,"p99":323352,"max":323352,"samples":5},"target":"sovereign_core"}
{"timestamp":"2026-03-31T01:25:58.799047Z","level":"INFO","fields":{"message":"latency snapshot","p50":386338,"p95":410727,"p99":410727,"max":410727,"samples":4},"target":"sovereign_core"}
{"timestamp":"2026-03-31T01:26:03.803682Z","level":"INFO","fields":{"message":"latency snapshot","p50":361063,"p95":408276,"p99":408276,"max":408276,"samples":5},"target":"sovereign_core"}
{"timestamp":"2026-03-31T01:26:08.798515Z","level":"INFO","fields":{"message":"latency snapshot","p50":325488,"p95":486541,"p99":486541,"max":486541,"samples":3},"target":"sovereign_core"}
{"timestamp":"2026-03-31T01:26:13.794886Z","level":"INFO","fields":{"message":"latency snapshot","p50":299397,"p95":345159,"p99":345159,"max":345159,"samples":3},"target":"sovereign_core"}
{"timestamp":"2026-03-31T01:26:18.792215Z","level":"INFO","fields":{"message":"latency snapshot","p50":0,"p95":0,"p99":0,"max":0,"samples":1},"target":"sovereign_core"}
{"timestamp":"2026-03-31T01:26:23.797587Z","level":"INFO","fields":{"message":"latency snapshot","p50":0,"p95":0,"p99":0,"max":0,"samples":1},"target":"sovereign_core"}
{"timestamp":"2026-03-31T01:26:28.793145Z","level":"INFO","fields":{"message":"latency snapshot","p50":299378,"p95":557773,"p99":557773,"max":557773,"samples":3},"target":"sovereign_core"}
{"timestamp":"2026-03-31T01:26:33.799847Z","level":"INFO","fields":{"message":"latency snapshot","p50":406587,"p95":458578,"p99":458578,"max":458578,"samples":4},"target":"sovereign_core"}
{"timestamp":"2026-03-31T01:26:38.804988Z","level":"INFO","fields":{"message":"latency snapshot","p50":379103,"p95":534417,"p99":534417,"max":534417,"samples":5},"target":"sovereign_core"}
{"timestamp":"2026-03-31T01:26:43.791739Z","level":"INFO","fields":{"message":"latency snapshot","p50":323673,"p95":433037,"p99":433037,"max":433037,"samples":5},"target":"sovereign_core"}
{"timestamp":"2026-03-31T01:26:48.799707Z","level":"INFO","fields":{"message":"latency snapshot","p50":307464,"p95":356531,"p99":356531,"max":356531,"samples":3},"target":"sovereign_core"}
{"timestamp":"2026-03-31T01:26:53.793963Z","level":"INFO","fields":{"message":"latency snapshot","p50":386864,"p95":394330,"p99":394330,"max":394330,"samples":4},"target":"sovereign_core"}
{"timestamp":"2026-03-31T01:26:58.801647Z","level":"INFO","fields":{"message":"latency snapshot","p50":0,"p95":0,"p99":0,"max":0,"samples":1},"target":"sovereign_core"}
{"timestamp":"2026-03-31T01:27:03.794502Z","level":"INFO","fields":{"message":"latency snapshot","p50":0,"p95":0,"p99":0,"max":0,"samples":1},"target":"sovereign_core"}
{"timestamp":"2026-03-31T01:27:08.802836Z","level":"INFO","fields":{"message":"latency snapshot","p50":329284,"p95":329284,"p99":329284,"max":329284,"samples":2},"target":"sovereign_core"}
{"timestamp":"2026-03-31T01:27:13.802955Z","level":"INFO","fields":{"message":"latency snapshot","p50":397315,"p95":498289,"p99":498289,"max":498289,"samples":4},"target":"sovereign_core"}
{"timestamp":"2026-03-31T01:27:18.798829Z","level":"INFO","fields":{"message":"latency snapshot","p50":319260,"p95":633971,"p99":633971,"max":633971,"samples":5},"target":"sovereign_core"}
{"timestamp":"2026-03-31T01:27:23.795078Z","level":"INFO","fields":{"message":"latency snapshot","p50":325472,"p95":396520,"p99":396520,"max":396520,"samples":5},"target":"sovereign_core"}
{"timestamp":"2026-03-31T01:27:28.802964Z","level":"INFO","fields":{"message":"latency snapshot","p50":344814,"p95":399074,"p99":399074,"max":399074,"samples":3},"target":"sovereign_core"}
{"timestamp":"2026-03-31T01:27:33.788652Z","level":"INFO","fields":{"message":"latency snapshot","p50":297840,"p95":453118,"p99":453118,"max":453118,"samples":5},"target":"sovereign_core"}
{"timestamp":"2026-03-31T01:27:38.800924Z","level":"INFO","fields":{"message":"latency snapshot","p50":0,"p95":0,"p99":0,"max":0,"samples":1},"target":"sovereign_core"}
{"timestamp":"2026-03-31T01:27:43.802812Z","level":"INFO","fields":{"message":"latency snapshot","p50":0,"p95":0,"p99":0,"max":0,"samples":1},"target":"sovereign_core"}
{"timestamp":"2026-03-31T01:27:48.797740Z","level":"INFO","fields":{"message":"latency snapshot","p50":0,"p95":0,"p99":0,"max":0,"samples":1},"target":"sovereign_core"}
{"timestamp":"2026-03-31T01:27:53.799710Z","level":"INFO","fields":{"message":"latency snapshot","p50":359229,"p95":372780,"p99":372780,"max":372780,"samples":4},"target":"sovereign_core"}
{"timestamp":"2026-03-31T01:27:58.799173Z","level":"INFO","fields":{"message":"latency snapshot","p50":326479,"p95":385456,"p99":385456,"max":385456,"samples":5},"target":"sovereign_core"}
{"timestamp":"2026-03-31T01:28:03.800430Z","level":"INFO","fields":{"message":"latency snapshot","p50":315862,"p95":442755,"p99":442755,"max":442755,"samples":5},"target":"sovereign_core"}
{"timestamp":"2026-03-31T01:28:08.799759Z","level":"INFO","fields":{"message":"latency snapshot","p50":335552,"p95":413118,"p99":413118,"max":413118,"samples":4},"target":"sovereign_core"}
{"timestamp":"2026-03-31T01:28:13.792662Z","level":"INFO","fields":{"message":"latency snapshot","p50":354799,"p95":408465,"p99":408465,"max":408465,"samples":4},"target":"sovereign_core"}
{"timestamp":"2026-03-31T01:28:18.794801Z","level":"INFO","fields":{"message":"latency snapshot","p50":391048,"p95":391048,"p99":391048,"max":391048,"samples":2},"target":"sovereign_core"}
{"timestamp":"2026-03-31T01:28:23.801649Z","level":"INFO","fields":{"message":"latency snapshot","p50":0,"p95":0,"p99":0,"max":0,"samples":1},"target":"sovereign_core"}
{"timestamp":"2026-03-31T01:28:28.791592Z","level":"INFO","fields":{"message":"latency snapshot","p50":0,"p95":0,"p99":0,"max":0,"samples":1},"target":"sovereign_core"}
{"timestamp":"2026-03-31T01:28:33.789684Z","level":"INFO","fields":{"message":"latency snapshot","p50":362399,"p95":412550,"p99":412550,"max":412550,"samples":3},"target":"sovereign_core"}
{"timestamp":"2026-03-31T01:28:38.801873Z","level":"INFO","fields":{"message":"latency snapshot","p50":300258,"p95":369206,"p99":369206,"max":369206,"samples":5},"target":"sovereign_core"}
{"timestamp":"2026-03-31T01:28:43.793524Z","level":"INFO","fields":{"message":"latency snapshot","p50":321896,"p95":519294,"p99":519294,"max":519294,"samples":5},"target":"sovereign_core"}
{"timestamp":"2026-03-31T01:28:48.792250Z","level":"INFO","fields":{"message":"latency snapshot","p50":365484,"p95":486053,"p99":486053,"max":486053,"samples":4},"target":"sovereign_core"}
{"timestamp":"2026-03-31T01:28:53.794784Z","level":"INFO","fields":{"message":"latency snapshot","p50":331208,"p95":331532,"p99":331532,"max":331532,"samples":4},"target":"sovereign_core"}
{"timestamp":"2026-03-31T01:28:58.777897Z","level":"INFO","fields":{"message":"relay: forwarded event #200 id=1774920538777-0 kind=Discriminant(2)"},"target":"sovereign_core::redis_bus"}
{"timestamp":"2026-03-31T01:28:58.802017Z","level":"INFO","fields":{"message":"latency snapshot","p50":386468,"p95":1227836,"p99":1227836,"max":1227836,"samples":13},"target":"sovereign_core"}
{"timestamp":"2026-03-31T01:29:03.790369Z","level":"INFO","fields":{"message":"latency snapshot","p50":407616,"p95":618848,"p99":618848,"max":618848,"samples":13},"target":"sovereign_core"}
{"timestamp":"2026-03-31T01:29:08.790809Z","level":"INFO","fields":{"message":"latency snapshot","p50":407939,"p95":447577,"p99":447577,"max":447577,"samples":14},"target":"sovereign_core"}
{"timestamp":"2026-03-31T01:29:13.789544Z","level":"INFO","fields":{"message":"latency snapshot","p50":382942,"p95":852759,"p99":852759,"max":852759,"samples":13},"target":"sovereign_core"}
{"timestamp":"2026-03-31T01:29:18.638956Z","level":"INFO","fields":{"message":"relay: forwarded event #250 id=1774920558638-0 kind=Discriminant(2)"},"target":"sovereign_core::redis_bus"}
{"timestamp":"2026-03-31T01:29:18.790593Z","level":"INFO","fields":{"message":"latency snapshot","p50":398160,"p95":551688,"p99":551688,"max":551688,"samples":19},"target":"sovereign_core"}
{"timestamp":"2026-03-31T01:29:23.789761Z","level":"INFO","fields":{"message":"latency snapshot","p50":382331,"p95":673863,"p99":673863,"max":673863,"samples":20},"target":"sovereign_core"}
{"timestamp":"2026-03-31T01:29:28.796498Z","level":"INFO","fields":{"message":"latency snapshot","p50":348349,"p95":512869,"p99":723121,"max":723121,"samples":22},"target":"sovereign_core"}
{"timestamp":"2026-03-31T01:29:33.793125Z","level":"INFO","fields":{"message":"latency snapshot","p50":360178,"p95":617056,"p99":617056,"max":617056,"samples":18},"target":"sovereign_core"}
{"timestamp":"2026-03-31T01:29:35.535336Z","level":"INFO","fields":{"message":"relay: forwarded event #300 id=1774920575535-0 kind=Discriminant(2)"},"target":"sovereign_core::redis_bus"}
{"timestamp":"2026-03-31T01:29:38.790025Z","level":"INFO","fields":{"message":"latency snapshot","p50":390276,"p95":968204,"p99":968204,"max":968204,"samples":16},"target":"sovereign_core"}
{"timestamp":"2026-03-31T01:29:43.801050Z","level":"INFO","fields":{"message":"latency snapshot","p50":407170,"p95":922360,"p99":922360,"max":922360,"samples":14},"target":"sovereign_core"}
{"timestamp":"2026-03-31T01:29:48.792928Z","level":"INFO","fields":{"message":"latency snapshot","p50":406542,"p95":1046858,"p99":1046858,"max":1046858,"samples":11},"target":"sovereign_core"}
{"timestamp":"2026-03-31T01:29:53.801002Z","level":"INFO","fields":{"message":"latency snapshot","p50":0,"p95":0,"p99":0,"max":0,"samples":1},"target":"sovereign_core"}
{"timestamp":"2026-03-31T01:29:58.791518Z","level":"INFO","fields":{"message":"latency snapshot","p50":323795,"p95":564732,"p99":564732,"max":564732,"samples":5},"target":"sovereign_core"}
{"timestamp":"2026-03-31T01:30:03.795023Z","level":"INFO","fields":{"message":"latency snapshot","p50":421185,"p95":769041,"p99":769041,"max":769041,"samples":4},"target":"sovereign_core"}
{"timestamp":"2026-03-31T01:30:08.789634Z","level":"INFO","fields":{"message":"latency snapshot","p50":391248,"p95":749442,"p99":749442,"max":749442,"samples":4},"target":"sovereign_core"}
{"timestamp":"2026-03-31T01:30:13.794679Z","level":"INFO","fields":{"message":"latency snapshot","p50":376974,"p95":464080,"p99":464080,"max":464080,"samples":5},"target":"sovereign_core"}
{"timestamp":"2026-03-31T01:30:18.799207Z","level":"INFO","fields":{"message":"latency snapshot","p50":332148,"p95":413516,"p99":413516,"max":413516,"samples":3},"target":"sovereign_core"}
{"timestamp":"2026-03-31T01:30:23.800028Z","level":"INFO","fields":{"message":"latency snapshot","p50":301864,"p95":415436,"p99":415436,"max":415436,"samples":3},"target":"sovereign_core"}
{"timestamp":"2026-03-31T01:30:28.798896Z","level":"INFO","fields":{"message":"latency snapshot","p50":0,"p95":0,"p99":0,"max":0,"samples":1},"target":"sovereign_core"}
{"timestamp":"2026-03-31T01:30:33.792521Z","level":"INFO","fields":{"message":"latency snapshot","p50":0,"p95":0,"p99":0,"max":0,"samples":1},"target":"sovereign_core"}
{"timestamp":"2026-03-31T01:30:34.808363Z","level":"ERROR","fields":{"message":"general news fetch error: error sending request for url (https://finnhub.io/api/v1/news?category=general&token=d6kqib9r01qmopd1ocf0d6kqib9r01qmopd1ocfg): operation timed out"},"target":"sovereign_core::finnhub"}
{"timestamp":"2026-03-31T01:30:38.790464Z","level":"INFO","fields":{"message":"latency snapshot","p50":361666,"p95":361666,"p99":361666,"max":361666,"samples":2},"target":"sovereign_core"}
{"timestamp":"2026-03-31T01:30:43.786687Z","level":"INFO","fields":{"message":"latency snapshot","p50":317633,"p95":491893,"p99":491893,"max":491893,"samples":5},"target":"sovereign_core"}
{"timestamp":"2026-03-31T01:30:48.799902Z","level":"INFO","fields":{"message":"latency snapshot","p50":314759,"p95":432292,"p99":432292,"max":432292,"samples":5},"target":"sovereign_core"}
{"timestamp":"2026-03-31T01:30:53.793259Z","level":"INFO","fields":{"message":"latency snapshot","p50":358381,"p95":386440,"p99":386440,"max":386440,"samples":4},"target":"sovereign_core"}
{"timestamp":"2026-03-31T01:30:58.795886Z","level":"INFO","fields":{"message":"latency snapshot","p50":396919,"p95":409724,"p99":409724,"max":409724,"samples":4},"target":"sovereign_core"}
{"timestamp":"2026-03-31T01:31:03.787168Z","level":"INFO","fields":{"message":"latency snapshot","p50":381268,"p95":404639,"p99":404639,"max":404639,"samples":4},"target":"sovereign_core"}
{"timestamp":"2026-03-31T01:31:08.788357Z","level":"INFO","fields":{"message":"latency snapshot","p50":0,"p95":0,"p99":0,"max":0,"samples":1},"target":"sovereign_core"}
{"timestamp":"2026-03-31T01:31:13.800061Z","level":"INFO","fields":{"message":"latency snapshot","p50":0,"p95":0,"p99":0,"max":0,"samples":1},"target":"sovereign_core"}
{"timestamp":"2026-03-31T01:31:18.787766Z","level":"INFO","fields":{"message":"latency snapshot","p50":0,"p95":0,"p99":0,"max":0,"samples":1},"target":"sovereign_core"}
{"timestamp":"2026-03-31T01:31:23.793797Z","level":"INFO","fields":{"message":"latency snapshot","p50":333684,"p95":444238,"p99":444238,"max":444238,"samples":5},"target":"sovereign_core"}
{"timestamp":"2026-03-31T01:31:28.791685Z","level":"INFO","fields":{"message":"latency snapshot","p50":348210,"p95":369282,"p99":369282,"max":369282,"samples":5},"target":"sovereign_core"}
{"timestamp":"2026-03-31T01:31:33.794981Z","level":"INFO","fields":{"message":"latency snapshot","p50":302577,"p95":427986,"p99":427986,"max":427986,"samples":4},"target":"sovereign_core"}
{"timestamp":"2026-03-31T01:31:38.790581Z","level":"INFO","fields":{"message":"latency snapshot","p50":327314,"p95":421809,"p99":421809,"max":421809,"samples":4},"target":"sovereign_core"}
{"timestamp":"2026-03-31T01:31:43.792269Z","level":"INFO","fields":{"message":"latency snapshot","p50":361539,"p95":607644,"p99":607644,"max":607644,"samples":4},"target":"sovereign_core"}
{"timestamp":"2026-03-31T01:31:48.786363Z","level":"INFO","fields":{"message":"latency snapshot","p50":351043,"p95":351043,"p99":351043,"max":351043,"samples":2},"target":"sovereign_core"}
{"timestamp":"2026-03-31T01:31:53.790662Z","level":"INFO","fields":{"message":"latency snapshot","p50":0,"p95":0,"p99":0,"max":0,"samples":1},"target":"sovereign_core"}
{"timestamp":"2026-03-31T01:31:58.792967Z","level":"INFO","fields":{"message":"latency snapshot","p50":0,"p95":0,"p99":0,"max":0,"samples":1},"target":"sovereign_core"}
{"timestamp":"2026-03-31T01:32:03.799237Z","level":"INFO","fields":{"message":"latency snapshot","p50":387343,"p95":439065,"p99":439065,"max":439065,"samples":4},"target":"sovereign_core"}
{"timestamp":"2026-03-31T01:32:08.798796Z","level":"INFO","fields":{"message":"latency snapshot","p50":327218,"p95":462777,"p99":462777,"max":462777,"samples":5},"target":"sovereign_core"}
{"timestamp":"2026-03-31T01:32:13.799101Z","level":"INFO","fields":{"message":"latency snapshot","p50":341227,"p95":369536,"p99":369536,"max":369536,"samples":4},"target":"sovereign_core"}
{"timestamp":"2026-03-31T01:32:18.784522Z","level":"INFO","fields":{"message":"latency snapshot","p50":298812,"p95":376587,"p99":376587,"max":376587,"samples":5},"target":"sovereign_core"}
{"timestamp":"2026-03-31T01:32:23.792711Z","level":"INFO","fields":{"message":"latency snapshot","p50":307267,"p95":374843,"p99":374843,"max":374843,"samples":4},"target":"sovereign_core"}
{"timestamp":"2026-03-31T01:32:28.791686Z","level":"INFO","fields":{"message":"latency snapshot","p50":324102,"p95":324102,"p99":324102,"max":324102,"samples":2},"target":"sovereign_core"}
{"timestamp":"2026-03-31T01:32:33.791888Z","level":"INFO","fields":{"message":"latency snapshot","p50":0,"p95":0,"p99":0,"max":0,"samples":1},"target":"sovereign_core"}
{"timestamp":"2026-03-31T01:32:38.786190Z","level":"INFO","fields":{"message":"latency snapshot","p50":0,"p95":0,"p99":0,"max":0,"samples":1},"target":"sovereign_core"}
{"timestamp":"2026-03-31T01:32:43.794467Z","level":"INFO","fields":{"message":"latency snapshot","p50":298894,"p95":301595,"p99":301595,"max":301595,"samples":3},"target":"sovereign_core"}
{"timestamp":"2026-03-31T01:32:48.794929Z","level":"INFO","fields":{"message":"latency snapshot","p50":303841,"p95":353255,"p99":353255,"max":353255,"samples":5},"target":"sovereign_core"}
{"timestamp":"2026-03-31T01:32:53.787348Z","level":"INFO","fields":{"message":"latency snapshot","p50":320370,"p95":438726,"p99":438726,"max":438726,"samples":5},"target":"sovereign_core"}
{"timestamp":"2026-03-31T01:32:58.793449Z","level":"INFO","fields":{"message":"latency snapshot","p50":322071,"p95":426315,"p99":426315,"max":426315,"samples":4},"target":"sovereign_core"}
{"timestamp":"2026-03-31T01:33:03.789898Z","level":"INFO","fields":{"message":"latency snapshot","p50":325968,"p95":337161,"p99":337161,"max":337161,"samples":4},"target":"sovereign_core"}
{"timestamp":"2026-03-31T01:33:08.787365Z","level":"INFO","fields":{"message":"latency snapshot","p50":324141,"p95":395683,"p99":395683,"max":395683,"samples":3},"target":"sovereign_core"}
{"timestamp":"2026-03-31T01:33:13.793319Z","level":"INFO","fields":{"message":"latency snapshot","p50":0,"p95":0,"p99":0,"max":0,"samples":1},"target":"sovereign_core"}
{"timestamp":"2026-03-31T01:33:18.796379Z","level":"INFO","fields":{"message":"latency snapshot","p50":0,"p95":0,"p99":0,"max":0,"samples":1},"target":"sovereign_core"}
{"timestamp":"2026-03-31T01:33:23.787774Z","level":"INFO","fields":{"message":"latency snapshot","p50":296811,"p95":296811,"p99":296811,"max":296811,"samples":2},"target":"sovereign_core"}
{"timestamp":"2026-03-31T01:33:28.797583Z","level":"INFO","fields":{"message":"latency snapshot","p50":310503,"p95":420694,"p99":420694,"max":420694,"samples":5},"target":"sovereign_core"}
{"timestamp":"2026-03-31T01:33:33.790156Z","level":"INFO","fields":{"message":"latency snapshot","p50":311971,"p95":349144,"p99":349144,"max":349144,"samples":5},"target":"sovereign_core"}
{"timestamp":"2026-03-31T01:33:38.785801Z","level":"INFO","fields":{"message":"latency snapshot","p50":411228,"p95":453709,"p99":453709,"max":453709,"samples":4},"target":"sovereign_core"}
{"timestamp":"2026-03-31T01:33:43.787676Z","level":"INFO","fields":{"message":"latency snapshot","p50":304774,"p95":323000,"p99":323000,"max":323000,"samples":4},"target":"sovereign_core"}
{"timestamp":"2026-03-31T01:33:48.788088Z","level":"INFO","fields":{"message":"latency snapshot","p50":297650,"p95":376677,"p99":376677,"max":376677,"samples":4},"target":"sovereign_core"}
{"timestamp":"2026-03-31T01:33:53.791763Z","level":"INFO","fields":{"message":"latency snapshot","p50":0,"p95":0,"p99":0,"max":0,"samples":1},"target":"sovereign_core"}
{"timestamp":"2026-03-31T01:33:58.789867Z","level":"INFO","fields":{"message":"latency snapshot","p50":0,"p95":0,"p99":0,"max":0,"samples":1},"target":"sovereign_core"}
{"timestamp":"2026-03-31T01:34:03.798039Z","level":"INFO","fields":{"message":"latency snapshot","p50":389202,"p95":389202,"p99":389202,"max":389202,"samples":2},"target":"sovereign_core"}
{"timestamp":"2026-03-31T01:34:08.797005Z","level":"INFO","fields":{"message":"latency snapshot","p50":388210,"p95":417844,"p99":417844,"max":417844,"samples":4},"target":"sovereign_core"}
{"timestamp":"2026-03-31T01:34:13.797055Z","level":"INFO","fields":{"message":"latency snapshot","p50":357116,"p95":426287,"p99":426287,"max":426287,"samples":5},"target":"sovereign_core"}
{"timestamp":"2026-03-31T01:34:18.789828Z","level":"INFO","fields":{"message":"latency snapshot","p50":396096,"p95":453042,"p99":453042,"max":453042,"samples":4},"target":"sovereign_core"}
{"timestamp":"2026-03-31T01:34:23.788575Z","level":"INFO","fields":{"message":"latency snapshot","p50":378316,"p95":466238,"p99":466238,"max":466238,"samples":4},"target":"sovereign_core"}
{"timestamp":"2026-03-31T01:34:28.789328Z","level":"INFO","fields":{"message":"latency snapshot","p50":388576,"p95":418565,"p99":418565,"max":418565,"samples":4},"target":"sovereign_core"}
{"timestamp":"2026-03-31T01:34:33.789060Z","level":"INFO","fields":{"message":"latency snapshot","p50":374326,"p95":374326,"p99":374326,"max":374326,"samples":2},"target":"sovereign_core"}
{"timestamp":"2026-03-31T01:34:38.783560Z","level":"INFO","fields":{"message":"latency snapshot","p50":0,"p95":0,"p99":0,"max":0,"samples":1},"target":"sovereign_core"}
{"timestamp":"2026-03-31T01:34:43.789684Z","level":"INFO","fields":{"message":"latency snapshot","p50":0,"p95":0,"p99":0,"max":0,"samples":1},"target":"sovereign_core"}
{"timestamp":"2026-03-31T01:34:48.785813Z","level":"INFO","fields":{"message":"latency snapshot","p50":320854,"p95":361506,"p99":361506,"max":361506,"samples":4},"target":"sovereign_core"}
{"timestamp":"2026-03-31T01:34:53.795369Z","level":"INFO","fields":{"message":"latency snapshot","p50":323813,"p95":348199,"p99":348199,"max":348199,"samples":5},"target":"sovereign_core"}
{"timestamp":"2026-03-31T01:34:58.789374Z","level":"INFO","fields":{"message":"latency snapshot","p50":340087,"p95":1264405,"p99":1264405,"max":1264405,"samples":15},"target":"sovereign_core"}
{"timestamp":"2026-03-31T01:35:01.860716Z","level":"INFO","fields":{"message":"relay: forwarded event #350 id=1774920901860-0 kind=Discriminant(2)"},"target":"sovereign_core::redis_bus"}
{"timestamp":"2026-03-31T01:35:03.783672Z","level":"INFO","fields":{"message":"latency snapshot","p50":404951,"p95":716536,"p99":716536,"max":716536,"samples":17},"target":"sovereign_core"}
{"timestamp":"2026-03-31T01:35:08.790283Z","level":"INFO","fields":{"message":"latency snapshot","p50":402517,"p95":449890,"p99":449890,"max":449890,"samples":16},"target":"sovereign_core"}
{"timestamp":"2026-03-31T01:35:13.790732Z","level":"INFO","fields":{"message":"latency snapshot","p50":313164,"p95":599590,"p99":599590,"max":599590,"samples":20},"target":"sovereign_core"}
{"timestamp":"2026-03-31T01:35:18.461930Z","level":"INFO","fields":{"message":"relay: forwarded event #400 id=1774920918461-0 kind=Discriminant(2)"},"target":"sovereign_core::redis_bus"}
{"timestamp":"2026-03-31T01:35:18.790949Z","level":"INFO","fields":{"message":"latency snapshot","p50":361017,"p95":716980,"p99":716980,"max":716980,"samples":16},"target":"sovereign_core"}
{"timestamp":"2026-03-31T01:35:23.789109Z","level":"INFO","fields":{"message":"latency snapshot","p50":335876,"p95":500489,"p99":500489,"max":500489,"samples":18},"target":"sovereign_core"}
{"timestamp":"2026-03-31T01:35:28.791530Z","level":"INFO","fields":{"message":"latency snapshot","p50":323900,"p95":544459,"p99":544459,"max":544459,"samples":18},"target":"sovereign_core"}
{"timestamp":"2026-03-31T01:35:33.787917Z","level":"INFO","fields":{"message":"latency snapshot","p50":344575,"p95":676105,"p99":676105,"max":676105,"samples":19},"target":"sovereign_core"}
{"timestamp":"2026-03-31T01:35:34.833644Z","level":"INFO","fields":{"message":"relay: forwarded event #450 id=1774920934833-0 kind=Discriminant(2)"},"target":"sovereign_core::redis_bus"}
{"timestamp":"2026-03-31T01:35:38.790176Z","level":"INFO","fields":{"message":"latency snapshot","p50":361385,"p95":525385,"p99":525385,"max":525385,"samples":19},"target":"sovereign_core"}
{"timestamp":"2026-03-31T01:35:43.789464Z","level":"INFO","fields":{"message":"latency snapshot","p50":403944,"p95":830707,"p99":830707,"max":830707,"samples":17},"target":"sovereign_core"}
{"timestamp":"2026-03-31T01:35:48.797476Z","level":"INFO","fields":{"message":"latency snapshot","p50":306266,"p95":332946,"p99":332946,"max":332946,"samples":4},"target":"sovereign_core"}
{"timestamp":"2026-03-31T01:35:53.786575Z","level":"INFO","fields":{"message":"latency snapshot","p50":312518,"p95":320401,"p99":320401,"max":320401,"samples":4},"target":"sovereign_core"}
{"timestamp":"2026-03-31T01:35:58.790328Z","level":"INFO","fields":{"message":"latency snapshot","p50":0,"p95":0,"p99":0,"max":0,"samples":1},"target":"sovereign_core"}
{"timestamp":"2026-03-31T01:36:03.787029Z","level":"INFO","fields":{"message":"latency snapshot","p50":0,"p95":0,"p99":0,"max":0,"samples":1},"target":"sovereign_core"}
{"timestamp":"2026-03-31T01:36:08.792103Z","level":"INFO","fields":{"message":"latency snapshot","p50":313535,"p95":313535,"p99":313535,"max":313535,"samples":2},"target":"sovereign_core"}
{"timestamp":"2026-03-31T01:36:13.791865Z","level":"INFO","fields":{"message":"latency snapshot","p50":392105,"p95":406614,"p99":406614,"max":406614,"samples":4},"target":"sovereign_core"}
{"timestamp":"2026-03-31T01:36:18.792530Z","level":"INFO","fields":{"message":"latency snapshot","p50":367575,"p95":423821,"p99":423821,"max":423821,"samples":5},"target":"sovereign_core"}
{"timestamp":"2026-03-31T01:36:23.789281Z","level":"INFO","fields":{"message":"latency snapshot","p50":338244,"p95":631166,"p99":631166,"max":631166,"samples":14},"target":"sovereign_core"}
{"timestamp":"2026-03-31T01:36:28.785679Z","level":"INFO","fields":{"message":"latency snapshot","p50":369931,"p95":512918,"p99":512918,"max":512918,"samples":17},"target":"sovereign_core"}
{"timestamp":"2026-03-31T01:36:29.893059Z","level":"INFO","fields":{"message":"relay: forwarded event #500 id=1774920989892-0 kind=Discriminant(2)"},"target":"sovereign_core::redis_bus"}
{"timestamp":"2026-03-31T01:36:33.788181Z","level":"INFO","fields":{"message":"latency snapshot","p50":341059,"p95":601430,"p99":601430,"max":601430,"samples":17},"target":"sovereign_core"}
{"timestamp":"2026-03-31T01:36:38.795052Z","level":"INFO","fields":{"message":"latency snapshot","p50":388113,"p95":817664,"p99":817664,"max":817664,"samples":12},"target":"sovereign_core"}
{"timestamp":"2026-03-31T01:36:43.789087Z","level":"INFO","fields":{"message":"latency snapshot","p50":347216,"p95":961349,"p99":961349,"max":961349,"samples":13},"target":"sovereign_core"}
{"timestamp":"2026-03-31T01:36:48.781833Z","level":"INFO","fields":{"message":"latency snapshot","p50":322377,"p95":804460,"p99":804460,"max":804460,"samples":17},"target":"sovereign_core"}
{"timestamp":"2026-03-31T01:36:49.336461Z","level":"INFO","fields":{"message":"relay: forwarded event #550 id=1774921009336-0 kind=Discriminant(2)"},"target":"sovereign_core::redis_bus"}
{"timestamp":"2026-03-31T01:36:53.792200Z","level":"INFO","fields":{"message":"latency snapshot","p50":313610,"p95":518157,"p99":733945,"max":733945,"samples":22},"target":"sovereign_core"}
{"timestamp":"2026-03-31T01:36:58.794974Z","level":"INFO","fields":{"message":"latency snapshot","p50":355031,"p95":524974,"p99":524974,"max":524974,"samples":19},"target":"sovereign_core"}
{"timestamp":"2026-03-31T01:37:03.783953Z","level":"INFO","fields":{"message":"latency snapshot","p50":350837,"p95":745302,"p99":745302,"max":745302,"samples":18},"target":"sovereign_core"}
{"timestamp":"2026-03-31T01:37:06.364801Z","level":"INFO","fields":{"message":"relay: forwarded event #600 id=1774921026363-0 kind=Discriminant(2)"},"target":"sovereign_core::redis_bus"}
{"timestamp":"2026-03-31T01:37:08.792205Z","level":"INFO","fields":{"message":"latency snapshot","p50":373675,"p95":720435,"p99":720435,"max":720435,"samples":18},"target":"sovereign_core"}
{"timestamp":"2026-03-31T01:37:13.791760Z","level":"INFO","fields":{"message":"latency snapshot","p50":381368,"p95":913343,"p99":913343,"max":913343,"samples":13},"target":"sovereign_core"}
{"timestamp":"2026-03-31T01:37:18.781540Z","level":"INFO","fields":{"message":"latency snapshot","p50":328703,"p95":328703,"p99":328703,"max":328703,"samples":2},"target":"sovereign_core"}
{"timestamp":"2026-03-31T01:37:23.790056Z","level":"INFO","fields":{"message":"latency snapshot","p50":0,"p95":0,"p99":0,"max":0,"samples":1},"target":"sovereign_core"}
{"timestamp":"2026-03-31T01:37:28.791337Z","level":"INFO","fields":{"message":"latency snapshot","p50":0,"p95":0,"p99":0,"max":0,"samples":1},"target":"sovereign_core"}
{"timestamp":"2026-03-31T01:37:33.794357Z","level":"INFO","fields":{"message":"latency snapshot","p50":313439,"p95":333271,"p99":333271,"max":333271,"samples":4},"target":"sovereign_core"}
{"timestamp":"2026-03-31T01:37:38.782216Z","level":"INFO","fields":{"message":"latency snapshot","p50":306305,"p95":474564,"p99":474564,"max":474564,"samples":5},"target":"sovereign_core"}
{"timestamp":"2026-03-31T01:37:43.788923Z","level":"INFO","fields":{"message":"latency snapshot","p50":409176,"p95":417584,"p99":417584,"max":417584,"samples":4},"target":"sovereign_core"}
{"timestamp":"2026-03-31T01:37:48.783287Z","level":"INFO","fields":{"message":"latency snapshot","p50":324327,"p95":530544,"p99":530544,"max":530544,"samples":5},"target":"sovereign_core"}
{"timestamp":"2026-03-31T01:37:53.786831Z","level":"INFO","fields":{"message":"latency snapshot","p50":315430,"p95":487775,"p99":487775,"max":487775,"samples":3},"target":"sovereign_core"}
{"timestamp":"2026-03-31T01:37:58.793099Z","level":"INFO","fields":{"message":"latency snapshot","p50":333672,"p95":390956,"p99":390956,"max":390956,"samples":3},"target":"sovereign_core"}
{"timestamp":"2026-03-31T01:38:03.782777Z","level":"INFO","fields":{"message":"latency snapshot","p50":0,"p95":0,"p99":0,"max":0,"samples":1},"target":"sovereign_core"}
{"timestamp":"2026-03-31T01:38:08.781957Z","level":"INFO","fields":{"message":"latency snapshot","p50":0,"p95":0,"p99":0,"max":0,"samples":1},"target":"sovereign_core"}
{"timestamp":"2026-03-31T01:38:13.789445Z","level":"INFO","fields":{"message":"latency snapshot","p50":313899,"p95":342913,"p99":342913,"max":342913,"samples":3},"target":"sovereign_core"}
{"timestamp":"2026-03-31T01:38:18.787190Z","level":"INFO","fields":{"message":"latency snapshot","p50":313136,"p95":386970,"p99":386970,"max":386970,"samples":5},"target":"sovereign_core"}
{"timestamp":"2026-03-31T01:38:23.783604Z","level":"INFO","fields":{"message":"latency snapshot","p50":317292,"p95":335700,"p99":335700,"max":335700,"samples":4},"target":"sovereign_core"}
